<?xml version="1.0" encoding="UTF-8"?>
<!-- Generated by org.testng.reporters.JUnitXMLReporter -->
<testsuite hostname="LAPTOP-D2ATB4FR" ignored="0" name="Default test" tests="20" failures="0" timestamp="24 Nov 2018 10:45:03 GMT" time="336.313" errors="0">
  <testcase name="login" time="0.756" classname="testCases.NewTest"/>
  <testcase name="login" time="0.946" classname="testCases.NewTest"/>
  <testcase name="login" time="0.911" classname="testCases.NewTest"/>
  <testcase name="login" time="0.948" classname="testCases.NewTest"/>
  <testcase name="login" time="0.984" classname="testCases.NewTest"/>
  <testcase name="login" time="0.784" classname="testCases.NewTest"/>
  <testcase name="login" time="0.849" classname="testCases.NewTest"/>
  <testcase name="login" time="0.939" classname="testCases.NewTest"/>
  <testcase name="login" time="1.169" classname="testCases.NewTest"/>
  <testcase name="login" time="0.81" classname="testCases.NewTest"/>
  <testcase name="login" time="0.85" classname="testCases.NewTest"/>
  <testcase name="login" time="0.934" classname="testCases.NewTest"/>
  <testcase name="login" time="0.954" classname="testCases.NewTest"/>
  <testcase name="login" time="0.843" classname="testCases.NewTest"/>
  <testcase name="login" time="0.807" classname="testCases.NewTest"/>
  <testcase name="login" time="0.855" classname="testCases.NewTest"/>
  <testcase name="login" time="0.886" classname="testCases.NewTest"/>
  <testcase name="login" time="0.916" classname="testCases.NewTest"/>
  <testcase name="login" time="0.827" classname="testCases.NewTest"/>
  <testcase name="login" time="0.842" classname="testCases.NewTest"/>
</testsuite> <!-- Default test -->
