<?xml version="1.0" encoding="UTF-8"?>
<!-- Generated by org.testng.reporters.JUnitXMLReporter -->
<testsuite hostname="LAPTOP-D2ATB4FR" ignored="0" name="Default test" tests="4" failures="0" timestamp="31 May 2020 04:57:40 GMT" time="81.59" errors="0">
  <testcase name="login" time="12.433" classname="testCases.CheCkLogin"/>
  <testcase name="login" time="10.757" classname="testCases.CheCkLogin"/>
  <testcase name="login" time="10.979" classname="testCases.CheCkLogin"/>
  <testcase name="login" time="10.975" classname="testCases.CheCkLogin"/>
</testsuite> <!-- Default test -->
